[0.041s] Invoking command in '/home/vboxuser/ros2_ws/build/kr_example_cpp': CMAKE_PREFIX_PATH=/home/vboxuser/ros2_ws/install/kr_msgs:/home/vboxuser/ros2_ws/install/realsense2_description:/home/vboxuser/ros2_ws/install/realsense2_camera:/home/vboxuser/ros2_ws/install/realsense2_camera_msgs:/home/vboxuser/ros2_ws/install/kr_example_cpp:/home/vboxuser/ros2_ws/install/groot:/home/vboxuser/ros2_ws/install/vision:/home/vboxuser/ros2_ws/install/robot_control:/home/vboxuser/ros2_ws/install/kr_example_python:/home/vboxuser/ros2_ws/install/bt_pkg:/opt/ros/foxy LD_LIBRARY_PATH=/home/vboxuser/ros2_ws/install/kr_msgs/lib:/home/vboxuser/ros2_ws/install/realsense2_camera/lib:/home/vboxuser/ros2_ws/install/realsense2_camera_msgs/lib:/home/vboxuser/ros2_ws/install/groot/lib:/opt/ros/foxy/opt/yaml_cpp_vendor/lib:/opt/ros/foxy/opt/rviz_ogre_vendor/lib:/opt/ros/foxy/lib/x86_64-linux-gnu:/opt/ros/foxy/lib PYTHONPATH=/home/vboxuser/ros2_ws/install/kr_msgs/lib/python3.8/site-packages:/home/vboxuser/ros2_ws/build/vision:/home/vboxuser/ros2_ws/install/vision/lib/python3.8/site-packages:/home/vboxuser/ros2_ws/build/robot_control:/home/vboxuser/ros2_ws/install/robot_control/lib/python3.8/site-packages:/home/vboxuser/ros2_ws/install/realsense2_camera_msgs/lib/python3.8/site-packages:/home/vboxuser/ros2_ws/build/kr_example_python:/home/vboxuser/ros2_ws/install/kr_example_python/lib/python3.8/site-packages:/home/vboxuser/ros2_ws/build/bt_pkg:/home/vboxuser/ros2_ws/install/bt_pkg/lib/python3.8/site-packages:/opt/ros/foxy/lib/python3.8/site-packages /usr/bin/cmake --build /home/vboxuser/ros2_ws/build/kr_example_cpp -- -j8 -l8
[0.061s] -- Found ament_cmake: 0.9.12 (/opt/ros/foxy/share/ament_cmake/cmake)
[0.095s] -- Using PYTHON_EXECUTABLE: /usr/bin/python3
[0.292s] -- Override CMake install command with custom implementation using symlinks instead of copying resources
[0.297s] -- Found rclcpp: 2.4.3 (/opt/ros/foxy/share/rclcpp/cmake)
[0.332s] -- Using all available rosidl_typesupport_c: rosidl_typesupport_fastrtps_c;rosidl_typesupport_introspection_c
[0.335s] -- Found rosidl_adapter: 1.3.1 (/opt/ros/foxy/share/rosidl_adapter/cmake)
[0.464s] -- Using all available rosidl_typesupport_cpp: rosidl_typesupport_fastrtps_cpp;rosidl_typesupport_introspection_cpp
[0.511s] -- Found rmw_implementation_cmake: 1.0.4 (/opt/ros/foxy/share/rmw_implementation_cmake/cmake)
[0.512s] -- Using RMW implementation 'rmw_fastrtps_cpp' as default
[0.641s] -- Found kr_msgs: 0.0.0 (/home/vboxuser/ros2_ws/install/kr_msgs/share/kr_msgs/cmake)
[0.784s] -- Configuring done
[0.810s] -- Generating done
[0.814s] -- Build files have been written to: /home/vboxuser/ros2_ws/build/kr_example_cpp
[0.851s] [35m[1mScanning dependencies of target follow_joint[0m
[0.851s] [35m[1mScanning dependencies of target self_motion[0m
[0.851s] [35m[1mScanning dependencies of target robot_state[0m
[0.851s] [35m[1mScanning dependencies of target move_joint[0m
[0.851s] [35m[1mScanning dependencies of target jog_linear[0m
[0.901s] [ 10%] [32mBuilding CXX object CMakeFiles/robot_state.dir/src/robot_state.cpp.o[0m
[0.903s] [ 50%] [32mBuilding CXX object CMakeFiles/follow_joint.dir/src/follow_joint.cpp.o[0m
[0.903s] [ 50%] [32mBuilding CXX object CMakeFiles/jog_linear.dir/src/jog_linear.cpp.o[0m
[0.903s] [ 50%] [32mBuilding CXX object CMakeFiles/self_motion.dir/src/self_motion.cpp.o[0m
[0.903s] [ 50%] [32mBuilding CXX object CMakeFiles/move_joint.dir/src/move_joint.cpp.o[0m
[3.784s] [ 60%] [32m[1mLinking CXX executable move_joint[0m
[3.954s] /usr/bin/ld: /home/vboxuser/ros2_ws/install/kr_msgs/lib/libkr_msgs__rosidl_typesupport_cpp.so: undefined reference to `rosidl_service_type_support_t const* rosidl_typesupport_cpp::get_service_type_support_handle<action_msgs::srv::CancelGoal>()'
[3.955s] /usr/bin/ld: /home/vboxuser/ros2_ws/install/kr_msgs/lib/libkr_msgs__rosidl_typesupport_cpp.so: undefined reference to `rosidl_message_type_support_t const* rosidl_typesupport_cpp::get_message_type_support_handle<action_msgs::msg::GoalStatusArray_<std::allocator<void> > >()'
[3.955s] collect2: error: ld returned 1 exit status
[3.957s] make[2]: *** [CMakeFiles/move_joint.dir/build.make:141: move_joint] Fehler 1
[3.958s] make[1]: *** [CMakeFiles/Makefile2:194: CMakeFiles/move_joint.dir/all] Fehler 2
[3.958s] make[1]: *** Auf noch nicht beendete Prozesse wird gewartet â€¦
[4.266s] [ 70%] [32m[1mLinking CXX executable follow_joint[0m
[4.274s] [ 80%] [32m[1mLinking CXX executable self_motion[0m
[4.444s] /usr/bin/ld: /home/vboxuser/ros2_ws/install/kr_msgs/lib/libkr_msgs__rosidl_typesupport_cpp.so: undefined reference to `rosidl_service_type_support_t const* rosidl_typesupport_cpp::get_service_type_support_handle<action_msgs::srv::CancelGoal>()'
[4.444s] /usr/bin/ld: /home/vboxuser/ros2_ws/install/kr_msgs/lib/libkr_msgs__rosidl_typesupport_cpp.so: undefined reference to `rosidl_message_type_support_t const* rosidl_typesupport_cpp::get_message_type_support_handle<action_msgs::msg::GoalStatusArray_<std::allocator<void> > >()'
[4.444s] collect2: error: ld returned 1 exit status
[4.446s] make[2]: *** [CMakeFiles/follow_joint.dir/build.make:141: follow_joint] Fehler 1
[4.446s] make[1]: *** [CMakeFiles/Makefile2:113: CMakeFiles/follow_joint.dir/all] Fehler 2
[4.461s] /usr/bin/ld: /home/vboxuser/ros2_ws/install/kr_msgs/lib/libkr_msgs__rosidl_typesupport_cpp.so: undefined reference to `rosidl_service_type_support_t const* rosidl_typesupport_cpp::get_service_type_support_handle<action_msgs::srv::CancelGoal>()'
[4.461s] /usr/bin/ld: /home/vboxuser/ros2_ws/install/kr_msgs/lib/libkr_msgs__rosidl_typesupport_cpp.so: undefined reference to `rosidl_message_type_support_t const* rosidl_typesupport_cpp::get_message_type_support_handle<action_msgs::msg::GoalStatusArray_<std::allocator<void> > >()'
[4.461s] collect2: error: ld returned 1 exit status
[4.463s] make[2]: *** [CMakeFiles/self_motion.dir/build.make:141: self_motion] Fehler 1
[4.464s] make[1]: *** [CMakeFiles/Makefile2:86: CMakeFiles/self_motion.dir/all] Fehler 2
[4.803s] [ 90%] [32m[1mLinking CXX executable jog_linear[0m
[4.986s] /usr/bin/ld: /home/vboxuser/ros2_ws/install/kr_msgs/lib/libkr_msgs__rosidl_typesupport_cpp.so: undefined reference to `rosidl_service_type_support_t const* rosidl_typesupport_cpp::get_service_type_support_handle<action_msgs::srv::CancelGoal>()'
[4.986s] /usr/bin/ld: /home/vboxuser/ros2_ws/install/kr_msgs/lib/libkr_msgs__rosidl_typesupport_cpp.so: undefined reference to `rosidl_message_type_support_t const* rosidl_typesupport_cpp::get_message_type_support_handle<action_msgs::msg::GoalStatusArray_<std::allocator<void> > >()'
[4.987s] collect2: error: ld returned 1 exit status
[4.989s] make[2]: *** [CMakeFiles/jog_linear.dir/build.make:141: jog_linear] Fehler 1
[4.989s] make[1]: *** [CMakeFiles/Makefile2:167: CMakeFiles/jog_linear.dir/all] Fehler 2
[5.930s] [100%] [32m[1mLinking CXX executable robot_state[0m
[6.146s] /usr/bin/ld: /home/vboxuser/ros2_ws/install/kr_msgs/lib/libkr_msgs__rosidl_typesupport_cpp.so: undefined reference to `rosidl_service_type_support_t const* rosidl_typesupport_cpp::get_service_type_support_handle<action_msgs::srv::CancelGoal>()'
[6.146s] /usr/bin/ld: /home/vboxuser/ros2_ws/install/kr_msgs/lib/libkr_msgs__rosidl_typesupport_cpp.so: undefined reference to `rosidl_message_type_support_t const* rosidl_typesupport_cpp::get_message_type_support_handle<action_msgs::msg::GoalStatusArray_<std::allocator<void> > >()'
[6.146s] collect2: error: ld returned 1 exit status
[6.148s] make[2]: *** [CMakeFiles/robot_state.dir/build.make:141: robot_state] Fehler 1
[6.151s] make[1]: *** [CMakeFiles/Makefile2:248: CMakeFiles/robot_state.dir/all] Fehler 2
[6.152s] make: *** [Makefile:141: all] Fehler 2
[6.157s] Invoked command in '/home/vboxuser/ros2_ws/build/kr_example_cpp' returned '2': CMAKE_PREFIX_PATH=/home/vboxuser/ros2_ws/install/kr_msgs:/home/vboxuser/ros2_ws/install/realsense2_description:/home/vboxuser/ros2_ws/install/realsense2_camera:/home/vboxuser/ros2_ws/install/realsense2_camera_msgs:/home/vboxuser/ros2_ws/install/kr_example_cpp:/home/vboxuser/ros2_ws/install/groot:/home/vboxuser/ros2_ws/install/vision:/home/vboxuser/ros2_ws/install/robot_control:/home/vboxuser/ros2_ws/install/kr_example_python:/home/vboxuser/ros2_ws/install/bt_pkg:/opt/ros/foxy LD_LIBRARY_PATH=/home/vboxuser/ros2_ws/install/kr_msgs/lib:/home/vboxuser/ros2_ws/install/realsense2_camera/lib:/home/vboxuser/ros2_ws/install/realsense2_camera_msgs/lib:/home/vboxuser/ros2_ws/install/groot/lib:/opt/ros/foxy/opt/yaml_cpp_vendor/lib:/opt/ros/foxy/opt/rviz_ogre_vendor/lib:/opt/ros/foxy/lib/x86_64-linux-gnu:/opt/ros/foxy/lib PYTHONPATH=/home/vboxuser/ros2_ws/install/kr_msgs/lib/python3.8/site-packages:/home/vboxuser/ros2_ws/build/vision:/home/vboxuser/ros2_ws/install/vision/lib/python3.8/site-packages:/home/vboxuser/ros2_ws/build/robot_control:/home/vboxuser/ros2_ws/install/robot_control/lib/python3.8/site-packages:/home/vboxuser/ros2_ws/install/realsense2_camera_msgs/lib/python3.8/site-packages:/home/vboxuser/ros2_ws/build/kr_example_python:/home/vboxuser/ros2_ws/install/kr_example_python/lib/python3.8/site-packages:/home/vboxuser/ros2_ws/build/bt_pkg:/home/vboxuser/ros2_ws/install/bt_pkg/lib/python3.8/site-packages:/opt/ros/foxy/lib/python3.8/site-packages /usr/bin/cmake --build /home/vboxuser/ros2_ws/build/kr_example_cpp -- -j8 -l8
