[0.041s] Invoking command in '/home/vboxuser/ros2_ws/build/kr_example_cpp': CMAKE_PREFIX_PATH=/home/vboxuser/ros2_ws/install/kr_msgs:/home/vboxuser/ros2_ws/install/realsense2_description:/home/vboxuser/ros2_ws/install/realsense2_camera:/home/vboxuser/ros2_ws/install/realsense2_camera_msgs:/home/vboxuser/ros2_ws/install/kr_example_cpp:/home/vboxuser/ros2_ws/install/groot:/home/vboxuser/ros2_ws/install/vision:/home/vboxuser/ros2_ws/install/robot_control:/home/vboxuser/ros2_ws/install/kr_example_python:/home/vboxuser/ros2_ws/install/bt_pkg:/opt/ros/foxy LD_LIBRARY_PATH=/home/vboxuser/ros2_ws/install/kr_msgs/lib:/home/vboxuser/ros2_ws/install/realsense2_camera/lib:/home/vboxuser/ros2_ws/install/realsense2_camera_msgs/lib:/home/vboxuser/ros2_ws/install/groot/lib:/opt/ros/foxy/opt/yaml_cpp_vendor/lib:/opt/ros/foxy/opt/rviz_ogre_vendor/lib:/opt/ros/foxy/lib/x86_64-linux-gnu:/opt/ros/foxy/lib PYTHONPATH=/home/vboxuser/ros2_ws/install/kr_msgs/lib/python3.8/site-packages:/home/vboxuser/ros2_ws/build/vision:/home/vboxuser/ros2_ws/install/vision/lib/python3.8/site-packages:/home/vboxuser/ros2_ws/build/robot_control:/home/vboxuser/ros2_ws/install/robot_control/lib/python3.8/site-packages:/home/vboxuser/ros2_ws/install/realsense2_camera_msgs/lib/python3.8/site-packages:/home/vboxuser/ros2_ws/build/kr_example_python:/home/vboxuser/ros2_ws/install/kr_example_python/lib/python3.8/site-packages:/home/vboxuser/ros2_ws/build/bt_pkg:/home/vboxuser/ros2_ws/install/bt_pkg/lib/python3.8/site-packages:/opt/ros/foxy/lib/python3.8/site-packages /usr/bin/cmake --build /home/vboxuser/ros2_ws/build/kr_example_cpp -- -j8 -l8
[0.063s] -- Found ament_cmake: 0.9.12 (/opt/ros/foxy/share/ament_cmake/cmake)
[0.093s] -- Using PYTHON_EXECUTABLE: /usr/bin/python3
[0.291s] -- Override CMake install command with custom implementation using symlinks instead of copying resources
[0.294s] -- Found rclcpp: 2.4.3 (/opt/ros/foxy/share/rclcpp/cmake)
[0.327s] -- Using all available rosidl_typesupport_c: rosidl_typesupport_fastrtps_c;rosidl_typesupport_introspection_c
[0.330s] -- Found rosidl_adapter: 1.3.1 (/opt/ros/foxy/share/rosidl_adapter/cmake)
[0.458s] -- Using all available rosidl_typesupport_cpp: rosidl_typesupport_fastrtps_cpp;rosidl_typesupport_introspection_cpp
[0.505s] -- Found rmw_implementation_cmake: 1.0.4 (/opt/ros/foxy/share/rmw_implementation_cmake/cmake)
[0.507s] -- Using RMW implementation 'rmw_fastrtps_cpp' as default
[0.640s] -- Found kr_msgs: 0.0.0 (/home/vboxuser/ros2_ws/install/kr_msgs/share/kr_msgs/cmake)
[0.787s] -- Configuring done
[0.820s] -- Generating done
[0.826s] -- Build files have been written to: /home/vboxuser/ros2_ws/build/kr_example_cpp
[0.885s] [ 40%] [32m[1mLinking CXX executable jog_linear[0m
[0.888s] [ 40%] [32m[1mLinking CXX executable follow_joint[0m
[0.888s] [ 40%] [32m[1mLinking CXX executable move_joint[0m
[0.888s] [ 40%] [32m[1mLinking CXX executable self_motion[0m
[0.888s] [ 50%] [32m[1mLinking CXX executable robot_state[0m
[1.082s] /usr/bin/ld: /home/vboxuser/ros2_ws/install/kr_msgs/lib/libkr_msgs__rosidl_typesupport_cpp.so: undefined reference to `rosidl_service_type_support_t const* rosidl_typesupport_cpp::get_service_type_support_handle<action_msgs::srv::CancelGoal>()'
[1.083s] /usr/bin/ld: /home/vboxuser/ros2_ws/install/kr_msgs/lib/libkr_msgs__rosidl_typesupport_cpp.so: undefined reference to `rosidl_message_type_support_t const* rosidl_typesupport_cpp::get_message_type_support_handle<action_msgs::msg::GoalStatusArray_<std::allocator<void> > >()'
[1.083s] collect2: error: ld returned 1 exit status
[1.103s] make[2]: *** [CMakeFiles/move_joint.dir/build.make:141: move_joint] Fehler 1
[1.104s] /usr/bin/ld: /home/vboxuser/ros2_ws/install/kr_msgs/lib/libkr_msgs__rosidl_typesupport_cpp.so: undefined reference to `rosidl_service_type_support_t const* rosidl_typesupport_cpp::get_service_type_support_handle<action_msgs::srv::CancelGoal>()'
[1.111s] /usr/bin/ld:make[1]: *** [CMakeFiles/Makefile2:194: CMakeFiles/move_joint.dir/all] Fehler 2
[1.112s] make[1]: *** Auf noch nicht beendete Prozesse wird gewartet â€¦
[1.112s]  /home/vboxuser/ros2_ws/install/kr_msgs/lib/libkr_msgs__rosidl_typesupport_cpp.so: undefined reference to `rosidl_message_type_support_t const* rosidl_typesupport_cpp::get_message_type_support_handle<action_msgs::msg::GoalStatusArray_<std::allocator<void> > >()'
[1.113s] collect2: error: ld returned 1 exit status
[1.114s] /usr/bin/ld: /home/vboxuser/ros2_ws/install/kr_msgs/lib/libkr_msgs__rosidl_typesupport_cpp.so: undefined reference to `rosidl_service_type_support_t const* rosidl_typesupport_cpp::get_service_type_support_handle<action_msgs::srv::CancelGoal>()'
[1.114s] /usr/bin/ld: /home/vboxuser/ros2_ws/install/kr_msgs/lib/libkr_msgs__rosidl_typesupport_cpp.so: undefined reference to `rosidl_message_type_support_t const* rosidl_typesupport_cpp::get_message_type_support_handle<action_msgs::msg::GoalStatusArray_<std::allocator<void> > >()'
[1.115s] collect2: error: ld returned 1 exit status
[1.115s] make[2]: *** [CMakeFiles/follow_joint.dir/build.make:141: follow_joint] Fehler 1
[1.115s] make[1]: *** [CMakeFiles/Makefile2:113: CMakeFiles/follow_joint.dir/all] Fehler 2
[1.116s] make[2]: *** [CMakeFiles/self_motion.dir/build.make:141: self_motion] Fehler 1
[1.116s] make[1]: *** [CMakeFiles/Makefile2:86: CMakeFiles/self_motion.dir/all] Fehler 2
[1.130s] /usr/bin/ld: /home/vboxuser/ros2_ws/install/kr_msgs/lib/libkr_msgs__rosidl_typesupport_cpp.so: undefined reference to `rosidl_service_type_support_t const* rosidl_typesupport_cpp::get_service_type_support_handle<action_msgs::srv::CancelGoal>()'
[1.131s] /usr/bin/ld: /home/vboxuser/ros2_ws/install/kr_msgs/lib/libkr_msgs__rosidl_typesupport_cpp.so: undefined reference to `rosidl_message_type_support_t const* rosidl_typesupport_cpp::get_message_type_support_handle<action_msgs::msg::GoalStatusArray_<std::allocator<void> > >()'
[1.131s] collect2: error: ld returned 1 exit status
[1.133s] make[2]: *** [CMakeFiles/jog_linear.dir/build.make:141: jog_linear] Fehler 1
[1.134s] make[1]: *** [CMakeFiles/Makefile2:167: CMakeFiles/jog_linear.dir/all] Fehler 2
[1.176s] /usr/bin/ld: /home/vboxuser/ros2_ws/install/kr_msgs/lib/libkr_msgs__rosidl_typesupport_cpp.so: undefined reference to `rosidl_service_type_support_t const* rosidl_typesupport_cpp::get_service_type_support_handle<action_msgs::srv::CancelGoal>()'
[1.176s] /usr/bin/ld: /home/vboxuser/ros2_ws/install/kr_msgs/lib/libkr_msgs__rosidl_typesupport_cpp.so: undefined reference to `rosidl_message_type_support_t const* rosidl_typesupport_cpp::get_message_type_support_handle<action_msgs::msg::GoalStatusArray_<std::allocator<void> > >()'
[1.177s] collect2: error: ld returned 1 exit status
[1.178s] make[2]: *** [CMakeFiles/robot_state.dir/build.make:141: robot_state] Fehler 1
[1.179s] make[1]: *** [CMakeFiles/Makefile2:248: CMakeFiles/robot_state.dir/all] Fehler 2
[1.179s] make: *** [Makefile:141: all] Fehler 2
[1.185s] Invoked command in '/home/vboxuser/ros2_ws/build/kr_example_cpp' returned '2': CMAKE_PREFIX_PATH=/home/vboxuser/ros2_ws/install/kr_msgs:/home/vboxuser/ros2_ws/install/realsense2_description:/home/vboxuser/ros2_ws/install/realsense2_camera:/home/vboxuser/ros2_ws/install/realsense2_camera_msgs:/home/vboxuser/ros2_ws/install/kr_example_cpp:/home/vboxuser/ros2_ws/install/groot:/home/vboxuser/ros2_ws/install/vision:/home/vboxuser/ros2_ws/install/robot_control:/home/vboxuser/ros2_ws/install/kr_example_python:/home/vboxuser/ros2_ws/install/bt_pkg:/opt/ros/foxy LD_LIBRARY_PATH=/home/vboxuser/ros2_ws/install/kr_msgs/lib:/home/vboxuser/ros2_ws/install/realsense2_camera/lib:/home/vboxuser/ros2_ws/install/realsense2_camera_msgs/lib:/home/vboxuser/ros2_ws/install/groot/lib:/opt/ros/foxy/opt/yaml_cpp_vendor/lib:/opt/ros/foxy/opt/rviz_ogre_vendor/lib:/opt/ros/foxy/lib/x86_64-linux-gnu:/opt/ros/foxy/lib PYTHONPATH=/home/vboxuser/ros2_ws/install/kr_msgs/lib/python3.8/site-packages:/home/vboxuser/ros2_ws/build/vision:/home/vboxuser/ros2_ws/install/vision/lib/python3.8/site-packages:/home/vboxuser/ros2_ws/build/robot_control:/home/vboxuser/ros2_ws/install/robot_control/lib/python3.8/site-packages:/home/vboxuser/ros2_ws/install/realsense2_camera_msgs/lib/python3.8/site-packages:/home/vboxuser/ros2_ws/build/kr_example_python:/home/vboxuser/ros2_ws/install/kr_example_python/lib/python3.8/site-packages:/home/vboxuser/ros2_ws/build/bt_pkg:/home/vboxuser/ros2_ws/install/bt_pkg/lib/python3.8/site-packages:/opt/ros/foxy/lib/python3.8/site-packages /usr/bin/cmake --build /home/vboxuser/ros2_ws/build/kr_example_cpp -- -j8 -l8
