[0.057s] Invoking command in '/home/vboxuser/ros2_ws/build/kr_msgs': /usr/bin/cmake --build /home/vboxuser/ros2_ws/build/kr_msgs -- -j8 -l8
[0.334s] -- Found ament_cmake: 0.9.12 (/opt/ros/foxy/share/ament_cmake/cmake)
[0.334s] -- Found PythonInterp: /usr/bin/python3 (found suitable version "3.8.10", minimum required is "3") 
[0.334s] -- Using PYTHON_EXECUTABLE: /usr/bin/python3
[0.367s] -- Override CMake install command with custom implementation using symlinks instead of copying resources
[0.393s] -- Found builtin_interfaces: 1.0.0 (/opt/ros/foxy/share/builtin_interfaces/cmake)
[0.420s] -- Using all available rosidl_typesupport_c: rosidl_typesupport_fastrtps_c;rosidl_typesupport_introspection_c
[0.422s] -- Found rosidl_adapter: 1.3.1 (/opt/ros/foxy/share/rosidl_adapter/cmake)
[0.559s] -- Using all available rosidl_typesupport_cpp: rosidl_typesupport_fastrtps_cpp;rosidl_typesupport_introspection_cpp
[0.582s] -- Found rosidl_default_generators: 1.0.1 (/opt/ros/foxy/share/rosidl_default_generators/cmake)
[0.593s] -- Found unique_identifier_msgs: 2.1.3 (/opt/ros/foxy/share/unique_identifier_msgs/cmake)
[0.602s] -- Found std_msgs: 2.0.5 (/opt/ros/foxy/share/std_msgs/cmake)
[0.617s] -- Found ament_lint_auto: 0.9.8 (/opt/ros/foxy/share/ament_lint_auto/cmake)
[0.671s] Error parsing '/home/vboxuser/ros2_ws/src/orange-ros2/kr_msgs/package.xml':
[0.758s] Traceback (most recent call last):
[0.758s]   File "/opt/ros/foxy/share/ament_cmake_core/cmake/core/package_xml_2_cmake.py", line 143, in <module>
[0.758s]     main()
[0.758s]   File "/opt/ros/foxy/share/ament_cmake_core/cmake/core/package_xml_2_cmake.py", line 52, in main
[0.758s]     raise e
[0.759s]   File "/opt/ros/foxy/share/ament_cmake_core/cmake/core/package_xml_2_cmake.py", line 48, in main
[0.759s]     package = parse_package_string(
[0.759s]   File "/usr/lib/python3/dist-packages/catkin_pkg/package.py", line 788, in parse_package_string
[0.759s]     pkg.validate(warnings=warnings)
[0.759s]   File "/usr/lib/python3/dist-packages/catkin_pkg/package.py", line 330, in validate
[0.759s]     raise InvalidPackage('\n'.join(errors), self.filename)
[0.759s] catkin_pkg.package.InvalidPackage: Error(s) in package '/home/vboxuser/ros2_ws/src/orange-ros2/kr_msgs/package.xml':
[0.759s] The package "kr_msgs" must not "build_depend" on a package with the same name as this package
[0.759s] The package "kr_msgs" must not "build_export_depend" on a package with the same name as this package
[0.759s] The package "kr_msgs" must not "exec_depend" on a package with the same name as this package
[0.779s] CMake Error at /opt/ros/foxy/share/ament_cmake_core/cmake/core/ament_package_xml.cmake:94 (message):
[0.779s]   execute_process(/usr/bin/python3
[0.779s]   /opt/ros/foxy/share/ament_cmake_core/cmake/core/package_xml_2_cmake.py
[0.779s]   /home/vboxuser/ros2_ws/src/orange-ros2/kr_msgs/package.xml
[0.779s]   /home/vboxuser/ros2_ws/build/kr_msgs/ament_cmake_core/package.cmake)
[0.779s]   returned error code 1
[0.779s] Call Stack (most recent call first):
[0.779s]   /opt/ros/foxy/share/ament_cmake_core/cmake/core/ament_package_xml.cmake:49 (_ament_package_xml)
[0.779s]   /opt/ros/foxy/share/ament_lint_auto/cmake/ament_lint_auto_find_test_dependencies.cmake:31 (ament_package_xml)
[0.779s]   CMakeLists.txt:31 (ament_lint_auto_find_test_dependencies)
[0.779s] 
[0.779s] 
[0.781s] -- Configuring incomplete, errors occurred!
[0.781s] See also "/home/vboxuser/ros2_ws/build/kr_msgs/CMakeFiles/CMakeOutput.log".
[0.789s] make: *** [Makefile:13468: cmake_check_build_system] Fehler 1
[0.792s] Invoked command in '/home/vboxuser/ros2_ws/build/kr_msgs' returned '2': /usr/bin/cmake --build /home/vboxuser/ros2_ws/build/kr_msgs -- -j8 -l8
