[0.091s] Invoking command in '/home/vboxuser/ros2_ws/build/action_tutorial_interfaces': /usr/bin/cmake --build /home/vboxuser/ros2_ws/build/action_tutorial_interfaces -- -j8 -l8
[0.633s] -- Found ament_cmake: 0.9.12 (/opt/ros/foxy/share/ament_cmake/cmake)
[0.633s] -- Found PythonInterp: /usr/bin/python3 (found suitable version "3.8.10", minimum required is "3") 
[0.633s] -- Using PYTHON_EXECUTABLE: /usr/bin/python3
[0.633s] -- Found rosidl_default_generators: 1.0.1 (/opt/ros/foxy/share/rosidl_default_generators/cmake)
[0.633s] -- Using all available rosidl_typesupport_c: rosidl_typesupport_fastrtps_c;rosidl_typesupport_introspection_c
[0.633s] -- Found rosidl_adapter: 1.3.1 (/opt/ros/foxy/share/rosidl_adapter/cmake)
[0.633s] -- Using all available rosidl_typesupport_cpp: rosidl_typesupport_fastrtps_cpp;rosidl_typesupport_introspection_cpp
[0.633s] -- Found rclpy: 1.0.13 (/opt/ros/foxy/share/rclpy/cmake)
[0.633s] -- Found PythonInterp: /usr/bin/python3 (found version "3.8.10") 
[0.720s] Error parsing '/home/vboxuser/ros2_ws/src/action_tutorial_interfaces/package.xml':
[0.818s] Traceback (most recent call last):
[0.818s]   File "/opt/ros/foxy/share/ament_cmake_core/cmake/core/package_xml_2_cmake.py", line 143, in <module>
[0.818s]     main()
[0.818s]   File "/opt/ros/foxy/share/ament_cmake_core/cmake/core/package_xml_2_cmake.py", line 52, in main
[0.818s]     raise e
[0.818s]   File "/opt/ros/foxy/share/ament_cmake_core/cmake/core/package_xml_2_cmake.py", line 48, in main
[0.818s]     package = parse_package_string(
[0.818s]   File "/usr/lib/python3/dist-packages/catkin_pkg/package.py", line 788, in parse_package_string
[0.818s]     pkg.validate(warnings=warnings)
[0.818s]   File "/usr/lib/python3/dist-packages/catkin_pkg/package.py", line 330, in validate
[0.818s]     raise InvalidPackage('\n'.join(errors), self.filename)
[0.818s] catkin_pkg.package.InvalidPackage: Error(s) in package '/home/vboxuser/ros2_ws/src/action_tutorial_interfaces/package.xml':
[0.818s] The package "action_tutorial_interfaces" must not "build_depend" on a package with the same name as this package
[0.819s] The package "action_tutorial_interfaces" must not "build_export_depend" on a package with the same name as this package
[0.819s] The package "action_tutorial_interfaces" must not "exec_depend" on a package with the same name as this package
[0.847s] CMake Error at /opt/ros/foxy/share/ament_cmake_core/cmake/core/ament_package_xml.cmake:94 (message):
[0.847s]   execute_process(/usr/bin/python3
[0.847s]   /opt/ros/foxy/share/ament_cmake_core/cmake/core/package_xml_2_cmake.py
[0.847s]   /home/vboxuser/ros2_ws/src/action_tutorial_interfaces/package.xml
[0.847s]   /home/vboxuser/ros2_ws/build/action_tutorial_interfaces/ament_cmake_core/package.cmake)
[0.847s]   returned error code 1
[0.847s] Call Stack (most recent call first):
[0.848s]   /opt/ros/foxy/share/ament_cmake_core/cmake/core/ament_package_xml.cmake:49 (_ament_package_xml)
[0.848s]   /opt/ros/foxy/share/rosidl_cmake/cmake/rosidl_generate_interfaces.cmake:226 (ament_package_xml)
[0.848s]   CMakeLists.txt:24 (rosidl_generate_interfaces)
[0.848s] 
[0.848s] 
[0.848s] -- Configuring incomplete, errors occurred!
[0.848s] See also "/home/vboxuser/ros2_ws/build/action_tutorial_interfaces/CMakeFiles/CMakeOutput.log".
[0.848s] make: *** [Makefile:748: cmake_check_build_system] Fehler 1
[0.905s] Invoked command in '/home/vboxuser/ros2_ws/build/action_tutorial_interfaces' returned '2': /usr/bin/cmake --build /home/vboxuser/ros2_ws/build/action_tutorial_interfaces -- -j8 -l8
